Analysis & Synthesis report for ece385final
Fri May  5 10:16:29 2023
Quartus Prime Version 22.1std.1 Build 917 02/14/2023 SC Lite Edition


---------------------
; Table of Contents ;
---------------------
  1. Legal Notice
  2. Analysis & Synthesis Summary
  3. Analysis & Synthesis Settings
  4. Parallel Compilation
  5. Analysis & Synthesis Source Files Read
  6. Analysis & Synthesis Resource Usage Summary
  7. Analysis & Synthesis Resource Utilization by Entity
  8. General Register Statistics
  9. Multiplexer Restructuring Statistics (Restructuring Performed)
 10. Parameter Settings for User Entity Instance: font_rom:rom1
 11. Port Connectivity Checks: "HexDriver:addrhexdisp3"
 12. Post-Synthesis Netlist Statistics for Top Partition
 13. Elapsed Time Per Partition
 14. Analysis & Synthesis Messages
 15. Analysis & Synthesis Suppressed Messages



----------------
; Legal Notice ;
----------------
Copyright (C) 2023  Intel Corporation. All rights reserved.
Your use of Intel Corporation's design tools, logic functions 
and other software and tools, and any partner logic 
functions, and any output files from any of the foregoing 
(including device programming or simulation files), and any 
associated documentation or information are expressly subject 
to the terms and conditions of the Intel Program License 
Subscription Agreement, the Intel Quartus Prime License Agreement,
the Intel FPGA IP License Agreement, or other applicable license
agreement, including, without limitation, that your use is for
the sole purpose of programming logic devices manufactured by
Intel and sold by Intel or its authorized distributors.  Please
refer to the applicable agreement for further details, at
https://fpgasoftware.intel.com/eula.



+-------------------------------------------------------------------------------------+
; Analysis & Synthesis Summary                                                        ;
+------------------------------------+------------------------------------------------+
; Analysis & Synthesis Status        ; Successful - Fri May  5 10:16:29 2023          ;
; Quartus Prime Version              ; 22.1std.1 Build 917 02/14/2023 SC Lite Edition ;
; Revision Name                      ; ece385final                                    ;
; Top-level Entity Name              ; AT28BV256_toplevel                             ;
; Family                             ; MAX 10                                         ;
; Total logic elements               ; 1,096                                          ;
;     Total combinational functions  ; 1,096                                          ;
;     Dedicated logic registers      ; 0                                              ;
; Total registers                    ; 0                                              ;
; Total pins                         ; 78                                             ;
; Total virtual pins                 ; 0                                              ;
; Total memory bits                  ; 0                                              ;
; Embedded Multiplier 9-bit elements ; 0                                              ;
; Total PLLs                         ; 0                                              ;
; UFM blocks                         ; 0                                              ;
; ADC blocks                         ; 0                                              ;
+------------------------------------+------------------------------------------------+


+------------------------------------------------------------------------------------------------------------+
; Analysis & Synthesis Settings                                                                              ;
+------------------------------------------------------------------+--------------------+--------------------+
; Option                                                           ; Setting            ; Default Value      ;
+------------------------------------------------------------------+--------------------+--------------------+
; Device                                                           ; 10M50DAF484C6GES   ;                    ;
; Top-level entity name                                            ; AT28BV256_toplevel ; ece385final        ;
; Family name                                                      ; MAX 10             ; Cyclone V          ;
; Use smart compilation                                            ; Off                ; Off                ;
; Enable parallel Assembler and Timing Analyzer during compilation ; On                 ; On                 ;
; Enable compact report table                                      ; Off                ; Off                ;
; Restructure Multiplexers                                         ; Auto               ; Auto               ;
; Create Debugging Nodes for IP Cores                              ; Off                ; Off                ;
; Preserve fewer node names                                        ; On                 ; On                 ;
; Intel FPGA IP Evaluation Mode                                    ; Enable             ; Enable             ;
; Verilog Version                                                  ; Verilog_2001       ; Verilog_2001       ;
; VHDL Version                                                     ; VHDL_1993          ; VHDL_1993          ;
; State Machine Processing                                         ; Auto               ; Auto               ;
; Safe State Machine                                               ; Off                ; Off                ;
; Extract Verilog State Machines                                   ; On                 ; On                 ;
; Extract VHDL State Machines                                      ; On                 ; On                 ;
; Ignore Verilog initial constructs                                ; Off                ; Off                ;
; Iteration limit for constant Verilog loops                       ; 5000               ; 5000               ;
; Iteration limit for non-constant Verilog loops                   ; 250                ; 250                ;
; Add Pass-Through Logic to Inferred RAMs                          ; On                 ; On                 ;
; Infer RAMs from Raw Logic                                        ; On                 ; On                 ;
; Parallel Synthesis                                               ; On                 ; On                 ;
; DSP Block Balancing                                              ; Auto               ; Auto               ;
; NOT Gate Push-Back                                               ; On                 ; On                 ;
; Power-Up Don't Care                                              ; On                 ; On                 ;
; Remove Redundant Logic Cells                                     ; Off                ; Off                ;
; Remove Duplicate Registers                                       ; On                 ; On                 ;
; Ignore CARRY Buffers                                             ; Off                ; Off                ;
; Ignore CASCADE Buffers                                           ; Off                ; Off                ;
; Ignore GLOBAL Buffers                                            ; Off                ; Off                ;
; Ignore ROW GLOBAL Buffers                                        ; Off                ; Off                ;
; Ignore LCELL Buffers                                             ; Off                ; Off                ;
; Ignore SOFT Buffers                                              ; On                 ; On                 ;
; Limit AHDL Integers to 32 Bits                                   ; Off                ; Off                ;
; Optimization Technique                                           ; Balanced           ; Balanced           ;
; Carry Chain Length                                               ; 70                 ; 70                 ;
; Auto Carry Chains                                                ; On                 ; On                 ;
; Auto Open-Drain Pins                                             ; On                 ; On                 ;
; Perform WYSIWYG Primitive Resynthesis                            ; Off                ; Off                ;
; Auto ROM Replacement                                             ; On                 ; On                 ;
; Auto RAM Replacement                                             ; On                 ; On                 ;
; Auto DSP Block Replacement                                       ; On                 ; On                 ;
; Auto Shift Register Replacement                                  ; Auto               ; Auto               ;
; Allow Shift Register Merging across Hierarchies                  ; Auto               ; Auto               ;
; Auto Clock Enable Replacement                                    ; On                 ; On                 ;
; Strict RAM Replacement                                           ; Off                ; Off                ;
; Allow Synchronous Control Signals                                ; On                 ; On                 ;
; Force Use of Synchronous Clear Signals                           ; Off                ; Off                ;
; Auto RAM Block Balancing                                         ; On                 ; On                 ;
; Auto RAM to Logic Cell Conversion                                ; Off                ; Off                ;
; Auto Resource Sharing                                            ; Off                ; Off                ;
; Allow Any RAM Size For Recognition                               ; Off                ; Off                ;
; Allow Any ROM Size For Recognition                               ; Off                ; Off                ;
; Allow Any Shift Register Size For Recognition                    ; Off                ; Off                ;
; Use LogicLock Constraints during Resource Balancing              ; On                 ; On                 ;
; Ignore translate_off and synthesis_off directives                ; Off                ; Off                ;
; Timing-Driven Synthesis                                          ; On                 ; On                 ;
; Report Parameter Settings                                        ; On                 ; On                 ;
; Report Source Assignments                                        ; On                 ; On                 ;
; Report Connectivity Checks                                       ; On                 ; On                 ;
; Ignore Maximum Fan-Out Assignments                               ; Off                ; Off                ;
; Synchronization Register Chain Length                            ; 2                  ; 2                  ;
; Power Optimization During Synthesis                              ; Normal compilation ; Normal compilation ;
; HDL message level                                                ; Level2             ; Level2             ;
; Suppress Register Optimization Related Messages                  ; Off                ; Off                ;
; Number of Removed Registers Reported in Synthesis Report         ; 5000               ; 5000               ;
; Number of Swept Nodes Reported in Synthesis Report               ; 5000               ; 5000               ;
; Number of Inverted Registers Reported in Synthesis Report        ; 100                ; 100                ;
; Clock MUX Protection                                             ; On                 ; On                 ;
; Auto Gated Clock Conversion                                      ; Off                ; Off                ;
; Block Design Naming                                              ; Auto               ; Auto               ;
; SDC constraint protection                                        ; Off                ; Off                ;
; Synthesis Effort                                                 ; Auto               ; Auto               ;
; Shift Register Replacement - Allow Asynchronous Clear Signal     ; On                 ; On                 ;
; Pre-Mapping Resynthesis Optimization                             ; Off                ; Off                ;
; Analysis & Synthesis Message Level                               ; Medium             ; Medium             ;
; Disable Register Merging Across Hierarchies                      ; Auto               ; Auto               ;
; Resource Aware Inference For Block RAM                           ; On                 ; On                 ;
+------------------------------------------------------------------+--------------------+--------------------+


+------------------------------------------+
; Parallel Compilation                     ;
+----------------------------+-------------+
; Processors                 ; Number      ;
+----------------------------+-------------+
; Number detected on machine ; 8           ;
; Maximum allowed            ; 4           ;
;                            ;             ;
; Average used               ; 1.00        ;
; Maximum used               ; 2           ;
;                            ;             ;
; Usage by Processor         ; % Time Used ;
;     Processor 1            ; 100.0%      ;
;     Processor 2            ;   0.0%      ;
+----------------------------+-------------+


+---------------------------------------------------------------------------------------------------------------------------------------------------------------------+
; Analysis & Synthesis Source Files Read                                                                                                                              ;
+----------------------------------+-----------------+------------------------------+-----------------------------------------------------------------------+---------+
; File Name with User-Entered Path ; Used in Netlist ; File Type                    ; File Name with Absolute Path                                          ; Library ;
+----------------------------------+-----------------+------------------------------+-----------------------------------------------------------------------+---------+
; HexDriver.sv                     ; yes             ; User SystemVerilog HDL File  ; /home/user/Documents/ece385/ece385_finalproject/HexDriver.sv          ;         ;
; font_rom.sv                      ; yes             ; User SystemVerilog HDL File  ; /home/user/Documents/ece385/ece385_finalproject/font_rom.sv           ;         ;
; AT28BV256_toplevel.sv            ; yes             ; User SystemVerilog HDL File  ; /home/user/Documents/ece385/ece385_finalproject/AT28BV256_toplevel.sv ;         ;
+----------------------------------+-----------------+------------------------------+-----------------------------------------------------------------------+---------+


+-------------------------------------------------------------+
; Analysis & Synthesis Resource Usage Summary                 ;
+---------------------------------------------+---------------+
; Resource                                    ; Usage         ;
+---------------------------------------------+---------------+
; Estimated Total logic elements              ; 1,096         ;
;                                             ;               ;
; Total combinational functions               ; 1096          ;
; Logic element usage by number of LUT inputs ;               ;
;     -- 4 input functions                    ; 979           ;
;     -- 3 input functions                    ; 96            ;
;     -- <=2 input functions                  ; 21            ;
;                                             ;               ;
; Logic elements by mode                      ;               ;
;     -- normal mode                          ; 1096          ;
;     -- arithmetic mode                      ; 0             ;
;                                             ;               ;
; Total registers                             ; 0             ;
;     -- Dedicated logic registers            ; 0             ;
;     -- I/O registers                        ; 0             ;
;                                             ;               ;
; I/O pins                                    ; 78            ;
;                                             ;               ;
; Embedded Multiplier 9-bit elements          ; 0             ;
;                                             ;               ;
; Maximum fan-out node                        ; ADDR[5]~input ;
; Maximum fan-out                             ; 358           ;
; Total fan-out                               ; 4382          ;
; Average fan-out                             ; 3.50          ;
+---------------------------------------------+---------------+


+-------------------------------------------------------------------------------------------------------------------------------------------------------------------------------------------------------------------------------------------------------------------+
; Analysis & Synthesis Resource Utilization by Entity                                                                                                                                                                                                               ;
+-----------------------------+---------------------+---------------------------+-------------+------------+--------------+---------+-----------+------+--------------+------------+--------------------------------------------+--------------------+--------------+
; Compilation Hierarchy Node  ; Combinational ALUTs ; Dedicated Logic Registers ; Memory Bits ; UFM Blocks ; DSP Elements ; DSP 9x9 ; DSP 18x18 ; Pins ; Virtual Pins ; ADC blocks ; Full Hierarchy Name                        ; Entity Name        ; Library Name ;
+-----------------------------+---------------------+---------------------------+-------------+------------+--------------+---------+-----------+------+--------------+------------+--------------------------------------------+--------------------+--------------+
; |AT28BV256_toplevel         ; 1096 (42)           ; 0 (0)                     ; 0           ; 0          ; 0            ; 0       ; 0         ; 78   ; 0            ; 0          ; |AT28BV256_toplevel                        ; AT28BV256_toplevel ; work         ;
;    |HexDriver:addrhexdisp0| ; 7 (7)               ; 0 (0)                     ; 0           ; 0          ; 0            ; 0       ; 0         ; 0    ; 0            ; 0          ; |AT28BV256_toplevel|HexDriver:addrhexdisp0 ; HexDriver          ; work         ;
;    |HexDriver:addrhexdisp1| ; 7 (7)               ; 0 (0)                     ; 0           ; 0          ; 0            ; 0       ; 0         ; 0    ; 0            ; 0          ; |AT28BV256_toplevel|HexDriver:addrhexdisp1 ; HexDriver          ; work         ;
;    |HexDriver:addrhexdisp2| ; 7 (7)               ; 0 (0)                     ; 0           ; 0          ; 0            ; 0       ; 0         ; 0    ; 0            ; 0          ; |AT28BV256_toplevel|HexDriver:addrhexdisp2 ; HexDriver          ; work         ;
;    |HexDriver:addrhexdisp3| ; 7 (7)               ; 0 (0)                     ; 0           ; 0          ; 0            ; 0       ; 0         ; 0    ; 0            ; 0          ; |AT28BV256_toplevel|HexDriver:addrhexdisp3 ; HexDriver          ; work         ;
;    |HexDriver:datahexdisp0| ; 7 (7)               ; 0 (0)                     ; 0           ; 0          ; 0            ; 0       ; 0         ; 0    ; 0            ; 0          ; |AT28BV256_toplevel|HexDriver:datahexdisp0 ; HexDriver          ; work         ;
;    |HexDriver:datahexdisp1| ; 7 (7)               ; 0 (0)                     ; 0           ; 0          ; 0            ; 0       ; 0         ; 0    ; 0            ; 0          ; |AT28BV256_toplevel|HexDriver:datahexdisp1 ; HexDriver          ; work         ;
;    |font_rom:rom1|          ; 1012 (1012)         ; 0 (0)                     ; 0           ; 0          ; 0            ; 0       ; 0         ; 0    ; 0            ; 0          ; |AT28BV256_toplevel|font_rom:rom1          ; font_rom           ; work         ;
+-----------------------------+---------------------+---------------------------+-------------+------------+--------------+---------+-----------+------+--------------+------------+--------------------------------------------+--------------------+--------------+
Note: For table entries with two numbers listed, the numbers in parentheses indicate the number of resources of the given type used by the specific entity alone. The numbers listed outside of parentheses indicate the total resources of the given type used by the specific entity and all of its sub-entities in the hierarchy.


+------------------------------------------------------+
; General Register Statistics                          ;
+----------------------------------------------+-------+
; Statistic                                    ; Value ;
+----------------------------------------------+-------+
; Total registers                              ; 0     ;
; Number of registers using Synchronous Clear  ; 0     ;
; Number of registers using Synchronous Load   ; 0     ;
; Number of registers using Asynchronous Clear ; 0     ;
; Number of registers using Asynchronous Load  ; 0     ;
; Number of registers using Clock Enable       ; 0     ;
; Number of registers using Preset             ; 0     ;
+----------------------------------------------+-------+


+------------------------------------------------------------------------------------------------------------------------------------------+
; Multiplexer Restructuring Statistics (Restructuring Performed)                                                                           ;
+--------------------+-----------+---------------+----------------------+------------------------+------------+----------------------------+
; Multiplexer Inputs ; Bus Width ; Baseline Area ; Area if Restructured ; Saving if Restructured ; Registered ; Example Multiplexer Output ;
+--------------------+-----------+---------------+----------------------+------------------------+------------+----------------------------+
; 3:1                ; 8 bits    ; 16 LEs        ; 16 LEs               ; 0 LEs                  ; No         ; |AT28BV256_toplevel|IO     ;
+--------------------+-----------+---------------+----------------------+------------------------+------------+----------------------------+


+--------------------------------------------------------------------------------------------------------------------+
; Parameter Settings for User Entity Instance: font_rom:rom1                                                         ;
+----------------+----------------------------------------------------------------------------------+----------------+
; Parameter Name ; Value                                                                            ; Type           ;
+----------------+----------------------------------------------------------------------------------+----------------+
; ADDR_WIDTH     ; 11                                                                               ; Signed Integer ;
; DATA_WIDTH     ; 8                                                                                ; Signed Integer ;
; ROM            ; (00000000,00000000,00000000,00000000,00000000,00000000,00000000,00000000,0000000 ; Array/Record   ;
; ROM            ; 0,00000000,00000000,00000000,00000000,00000000,00000000,00000000,00000000,000000 ;                ;
; ROM            ; 00,01111110,10000001,10100101,10000001,10000001,10111101,10011001,10000001,10000 ;                ;
; ROM            ; 001,01111110,00000000,00000000,00000000,00000000,00000000,00000000,01111110,1111 ;                ;
; ROM            ; 1111,11011011,11111111,11111111,11000011,11100111,11111111,11111111,01111110,000 ;                ;
; ROM            ; 00000,00000000,00000000,00000000,00000000,00000000,00000000,00000000,01101100,11 ;                ;
; ROM            ; 111110,11111110,11111110,11111110,01111100,00111000,00010000,00000000,00000000,0 ;                ;
; ROM            ; 0000000,00000000,00000000,00000000,00000000,00000000,00010000,00111000,01111100, ;                ;
; ROM            ; 11111110,01111100,00111000,00010000,00000000,00000000,00000000,00000000,00000000 ;                ;
; ROM            ; ,00000000,00000000,00000000,00011000,00111100,00111100,11100111,11100111,1110011 ;                ;
; ROM            ; 1,00011000,00011000,00111100,00000000,00000000,00000000,00000000,00000000,000000 ;                ;
; ROM            ; 00,00000000,00011000,00111100,01111110,11111111,11111111,01111110,00011000,00011 ;                ;
; ROM            ; 000,00111100,00000000,00000000,00000000,00000000,00000000,00000000,00000000,0000 ;                ;
; ROM            ; 0000,00000000,00000000,00011000,00111100,00111100,00011000,00000000,00000000,000 ;                ;
; ROM            ; 00000,00000000,00000000,00000000,11111111,11111111,11111111,11111111,11111111,11 ;                ;
; ROM            ; 111111,11100111,11000011,11000011,11100111,11111111,11111111,11111111,11111111,1 ;                ;
; ROM            ; 1111111,11111111,00000000,00000000,00000000,00000000,00000000,00111100,01100110, ;                ;
; ROM            ; 01000010,01000010,01100110,00111100,00000000,00000000,00000000,00000000,00000000 ;                ;
; ROM            ; ,11111111,11111111,11111111,11111111,11111111,11000011,10011001,10111101,1011110 ;                ;
; ROM            ; 1,10011001,11000011,11111111,11111111,11111111,11111111,11111111,00000000,000000 ;                ;
; ROM            ; 00,00011110,00001110,00011010,00110010,01111000,11001100,11001100,11001100,11001 ;                ;
; ROM            ; 100,01111000,00000000,00000000,00000000,00000000,00000000,00000000,00111100,0110 ;                ;
; ROM            ; 0110,01100110,01100110,01100110,00111100,00011000,01111110,00011000,00011000,000 ;                ;
; ROM            ; 00000,00000000,00000000,00000000,00000000,00000000,00111111,00110011,00111111,00 ;                ;
; ROM            ; 110000,00110000,00110000,00110000,01110000,11110000,11100000,00000000,00000000,0 ;                ;
; ROM            ; 0000000,00000000,00000000,00000000,01111111,01100011,01111111,01100011,01100011, ;                ;
; ROM            ; 01100011,01100011,01100111,11100111,11100110,11000000,00000000,00000000,00000000 ;                ;
; ROM            ; ,00000000,00000000,00000000,00011000,00011000,11011011,00111100,11100111,0011110 ;                ;
; ROM            ; 0,11011011,00011000,00011000,00000000,00000000,00000000,00000000,00000000,100000 ;                ;
; ROM            ; 00,11000000,11100000,11110000,11111000,11111110,11111000,11110000,11100000,11000 ;                ;
; ROM            ; 000,10000000,00000000,00000000,00000000,00000000,00000000,00000010,00000110,0000 ;                ;
; ROM            ; 1110,00011110,00111110,11111110,00111110,00011110,00001110,00000110,00000010,000 ;                ;
; ROM            ; 00000,00000000,00000000,00000000,00000000,00000000,00011000,00111100,01111110,00 ;                ;
; ROM            ; 011000,00011000,00011000,01111110,00111100,00011000,00000000,00000000,00000000,0 ;                ;
; ROM            ; 0000000,00000000,00000000,00000000,01100110,01100110,01100110,01100110,01100110, ;                ;
; ROM            ; 01100110,01100110,00000000,01100110,01100110,00000000,00000000,00000000,00000000 ;                ;
; ROM            ; ,00000000,00000000,01111111,11011011,11011011,11011011,01111011,00011011,0001101 ;                ;
; ROM            ; 1,00011011,00011011,00011011,00000000,00000000,00000000,00000000,00000000,011111 ;                ;
; ROM            ; 00,11000110,01100000,00111000,01101100,11000110,11000110,01101100,00111000,00001 ;                ;
; ROM            ; 100,11000110,01111100,00000000,00000000,00000000,00000000,00000000,00000000,0000 ;                ;
; ROM            ; 0000,00000000,00000000,00000000,00000000,11111110,11111110,11111110,11111110,000 ;                ;
; ROM            ; 00000,00000000,00000000,00000000,00000000,00000000,00011000,00111100,01111110,00 ;                ;
; ROM            ; 011000,00011000,00011000,01111110,00111100,00011000,01111110,00110000,00000000,0 ;                ;
; ROM            ; 0000000,00000000,00000000,00000000,00011000,00111100,01111110,00011000,00011000, ;                ;
; ROM            ; 00011000,00011000,00011000,00011000,00011000,00000000,00000000,00000000,00000000 ;                ;
; ROM            ; ,00000000,00000000,00011000,00011000,00011000,00011000,00011000,00011000,0001100 ;                ;
; ROM            ; 0,01111110,00111100,00011000,00000000,00000000,00000000,00000000,00000000,000000 ;                ;
; ROM            ; 00,00000000,00000000,00000000,00011000,00001100,11111110,00001100,00011000,00000 ;                ;
; ROM            ; 000,00000000,00000000,00000000,00000000,00000000,00000000,00000000,00000000,0000 ;                ;
; ROM            ; 0000,00000000,00110000,01100000,11111110,01100000,00110000,00000000,00000000,000 ;                ;
; ROM            ; 00000,00000000,00000000,00000000,00000000,00000000,00000000,00000000,00000000,00 ;                ;
; ROM            ; 000000,11000000,11000000,11000000,11111110,00000000,00000000,00000000,00000000,0 ;                ;
; ROM            ; 0000000,00000000,00000000,00000000,00000000,00000000,00000000,00100100,01100110, ;                ;
; ROM            ; 11111111,01100110,00100100,00000000,00000000,00000000,00000000,00000000,00000000 ;                ;
; ROM            ; ,00000000,00000000,00000000,00000000,00010000,00111000,00111000,01111100,0111110 ;                ;
; ROM            ; 0,11111110,11111110,00000000,00000000,00000000,00000000,00000000,00000000,000000 ;                ;
; ROM            ; 00,00000000,00000000,11111110,11111110,01111100,01111100,00111000,00111000,00010 ;                ;
; ROM            ; 000,00000000,00000000,00000000,00000000,00000000,00000000,00000000,00000000,0000 ;                ;
; ROM            ; 0000,00000000,00000000,00000000,00000000,00000000,00000000,00000000,00000000,000 ;                ;
; ROM            ; 00000,00000000,00000000,00000000,00000000,00000000,00011000,00111100,00111100,00 ;                ;
; ROM            ; 111100,00011000,00011000,00011000,00000000,00011000,00011000,00000000,00000000,0 ;                ;
; ROM            ; 0000000,00000000,00000000,01100110,01100110,01100110,00100100,00000000,00000000, ;                ;
; ROM            ; 00000000,00000000,00000000,00000000,00000000,00000000,00000000,00000000,00000000 ;                ;
; ROM            ; ,00000000,00000000,00000000,01101100,01101100,11111110,01101100,01101100,0110110 ;                ;
; ROM            ; 0,11111110,01101100,01101100,00000000,00000000,00000000,00000000,00011000,000110 ;                ;
; ROM            ; 00,01111100,11000110,11000010,11000000,01111100,00000110,00000110,10000110,11000 ;                ;
; ROM            ; 110,01111100,00011000,00011000,00000000,00000000,00000000,00000000,00000000,0000 ;                ;
; ROM            ; 0000,11000010,11000110,00001100,00011000,00110000,01100000,11000110,10000110,000 ;                ;
; ROM            ; 00000,00000000,00000000,00000000,00000000,00000000,00111000,01101100,01101100,00 ;                ;
; ROM            ; 111000,01110110,11011100,11001100,11001100,11001100,01110110,00000000,00000000,0 ;                ;
; ROM            ; 0000000,00000000,00000000,00110000,00110000,00110000,01100000,00000000,00000000, ;                ;
; ROM            ; 00000000,00000000,00000000,00000000,00000000,00000000,00000000,00000000,00000000 ;                ;
; ROM            ; ,00000000,00000000,00001100,00011000,00110000,00110000,00110000,00110000,0011000 ;                ;
; ROM            ; 0,00110000,00011000,00001100,00000000,00000000,00000000,00000000,00000000,000000 ;                ;
; ROM            ; 00,00110000,00011000,00001100,00001100,00001100,00001100,00001100,00001100,00011 ;                ;
; ROM            ; 000,00110000,00000000,00000000,00000000,00000000,00000000,00000000,00000000,0000 ;                ;
; ROM            ; 0000,00000000,01100110,00111100,11111111,00111100,01100110,00000000,00000000,000 ;                ;
; ROM            ; 00000,00000000,00000000,00000000,00000000,00000000,00000000,00000000,00000000,00 ;                ;
; ROM            ; 011000,00011000,01111110,00011000,00011000,00000000,00000000,00000000,00000000,0 ;                ;
; ROM            ; 0000000,00000000,00000000,00000000,00000000,00000000,00000000,00000000,00000000, ;                ;
; ROM            ; 00000000,00000000,00011000,00011000,00011000,00110000,00000000,00000000,00000000 ;                ;
; ROM            ; ,00000000,00000000,00000000,00000000,00000000,00000000,00000000,01111110,0000000 ;                ;
; ROM            ; 0,00000000,00000000,00000000,00000000,00000000,00000000,00000000,00000000,000000 ;                ;
; ROM            ; 00,00000000,00000000,00000000,00000000,00000000,00000000,00000000,00000000,00011 ;                ;
; ROM            ; 000,00011000,00000000,00000000,00000000,00000000,00000000,00000000,00000000,0000 ;                ;
; ROM            ; 0000,00000010,00000110,00001100,00011000,00110000,01100000,11000000,10000000,000 ;                ;
; ROM            ; 00000,00000000,00000000,00000000,00000000,00000000,01111100,11000110,11000110,11 ;                ;
; ROM            ; 001110,11011110,11110110,11100110,11000110,11000110,01111100,00000000,00000000,0 ;                ;
; ROM            ; 0000000,00000000,00000000,00000000,00011000,00111000,01111000,00011000,00011000, ;                ;
; ROM            ; 00011000,00011000,00011000,00011000,01111110,00000000,00000000,00000000,00000000 ;                ;
; ROM            ; ,00000000,00000000,01111100,11000110,00000110,00001100,00011000,00110000,0110000 ;                ;
; ROM            ; 0,11000000,11000110,11111110,00000000,00000000,00000000,00000000,00000000,000000 ;                ;
; ROM            ; 00,01111100,11000110,00000110,00000110,00111100,00000110,00000110,00000110,11000 ;                ;
; ROM            ; 110,01111100,00000000,00000000,00000000,00000000,00000000,00000000,00001100,0001 ;                ;
; ROM            ; 1100,00111100,01101100,11001100,11111110,00001100,00001100,00001100,00011110,000 ;                ;
; ROM            ; 00000,00000000,00000000,00000000,00000000,00000000,11111110,11000000,11000000,11 ;                ;
; ROM            ; 000000,11111100,00000110,00000110,00000110,11000110,01111100,00000000,00000000,0 ;                ;
; ROM            ; 0000000,00000000,00000000,00000000,00111000,01100000,11000000,11000000,11111100, ;                ;
; ROM            ; 11000110,11000110,11000110,11000110,01111100,00000000,00000000,00000000,00000000 ;                ;
; ROM            ; ,00000000,00000000,11111110,11000110,00000110,00000110,00001100,00011000,0011000 ;                ;
; ROM            ; 0,00110000,00110000,00110000,00000000,00000000,00000000,00000000,00000000,000000 ;                ;
; ROM            ; 00,01111100,11000110,11000110,11000110,01111100,11000110,11000110,11000110,11000 ;                ;
; ROM            ; 110,01111100,00000000,00000000,00000000,00000000,00000000,00000000,01111100,1100 ;                ;
; ROM            ; 0110,11000110,11000110,01111110,00000110,00000110,00000110,00001100,01111000,000 ;                ;
; ROM            ; 00000,00000000,00000000,00000000,00000000,00000000,00000000,00000000,00011000,00 ;                ;
; ROM            ; 011000,00000000,00000000,00000000,00011000,00011000,00000000,00000000,00000000,0 ;                ;
; ROM            ; 0000000,00000000,00000000,00000000,00000000,00000000,00011000,00011000,00000000, ;                ;
; ROM            ; 00000000,00000000,00011000,00011000,00110000,00000000,00000000,00000000,00000000 ;                ;
; ROM            ; ,00000000,00000000,00000000,00000110,00001100,00011000,00110000,01100000,0011000 ;                ;
; ROM            ; 0,00011000,00001100,00000110,00000000,00000000,00000000,00000000,00000000,000000 ;                ;
; ROM            ; 00,00000000,00000000,00000000,01111110,00000000,00000000,01111110,00000000,00000 ;                ;
; ROM            ; 000,00000000,00000000,00000000,00000000,00000000,00000000,00000000,00000000,0110 ;                ;
; ROM            ; 0000,00110000,00011000,00001100,00000110,00001100,00011000,00110000,01100000,000 ;                ;
; ROM            ; 00000,00000000,00000000,00000000,00000000,00000000,01111100,11000110,11000110,00 ;                ;
; ROM            ; 001100,00011000,00011000,00011000,00000000,00011000,00011000,00000000,00000000,0 ;                ;
; ROM            ; 0000000,00000000,00000000,00000000,01111100,11000110,11000110,11000110,11011110, ;                ;
; ROM            ; 11011110,11011110,11011100,11000000,01111100,00000000,00000000,00000000,00000000 ;                ;
; ROM            ; ,00000000,00000000,00010000,00111000,01101100,11000110,11000110,11111110,1100011 ;                ;
; ROM            ; 0,11000110,11000110,11000110,00000000,00000000,00000000,00000000,00000000,000000 ;                ;
; ROM            ; 00,11111100,01100110,01100110,01100110,01111100,01100110,01100110,01100110,01100 ;                ;
; ROM            ; 110,11111100,00000000,00000000,00000000,00000000,00000000,00000000,00111100,0110 ;                ;
; ROM            ; 0110,11000010,11000000,11000000,11000000,11000000,11000010,01100110,00111100,000 ;                ;
; ROM            ; 00000,00000000,00000000,00000000,00000000,00000000,11111000,01101100,01100110,01 ;                ;
; ROM            ; 100110,01100110,01100110,01100110,01100110,01101100,11111000,00000000,00000000,0 ;                ;
; ROM            ; 0000000,00000000,00000000,00000000,11111110,01100110,01100010,01101000,01111000, ;                ;
; ROM            ; 01101000,01100000,01100010,01100110,11111110,00000000,00000000,00000000,00000000 ;                ;
; ROM            ; ,00000000,00000000,11111110,01100110,01100010,01101000,01111000,01101000,0110000 ;                ;
; ROM            ; 0,01100000,01100000,11110000,00000000,00000000,00000000,00000000,00000000,000000 ;                ;
; ROM            ; 00,00111100,01100110,11000010,11000000,11000000,11011110,11000110,11000110,01100 ;                ;
; ROM            ; 110,00111010,00000000,00000000,00000000,00000000,00000000,00000000,11000110,1100 ;                ;
; ROM            ; 0110,11000110,11000110,11111110,11000110,11000110,11000110,11000110,11000110,000 ;                ;
; ROM            ; 00000,00000000,00000000,00000000,00000000,00000000,00111100,00011000,00011000,00 ;                ;
; ROM            ; 011000,00011000,00011000,00011000,00011000,00011000,00111100,00000000,00000000,0 ;                ;
; ROM            ; 0000000,00000000,00000000,00000000,00011110,00001100,00001100,00001100,00001100, ;                ;
; ROM            ; 00001100,11001100,11001100,11001100,01111000,00000000,00000000,00000000,00000000 ;                ;
; ROM            ; ,00000000,00000000,11100110,01100110,01100110,01101100,01111000,01111000,0110110 ;                ;
; ROM            ; 0,01100110,01100110,11100110,00000000,00000000,00000000,00000000,00000000,000000 ;                ;
; ROM            ; 00,11110000,01100000,01100000,01100000,01100000,01100000,01100000,01100010,01100 ;                ;
; ROM            ; 110,11111110,00000000,00000000,00000000,00000000,00000000,00000000,11000011,1110 ;                ;
; ROM            ; 0111,11111111,11111111,11011011,11000011,11000011,11000011,11000011,11000011,000 ;                ;
; ROM            ; 00000,00000000,00000000,00000000,00000000,00000000,11000110,11100110,11110110,11 ;                ;
; ROM            ; 111110,11011110,11001110,11000110,11000110,11000110,11000110,00000000,00000000,0 ;                ;
; ROM            ; 0000000,00000000,00000000,00000000,01111100,11000110,11000110,11000110,11000110, ;                ;
; ROM            ; 11000110,11000110,11000110,11000110,01111100,00000000,00000000,00000000,00000000 ;                ;
; ROM            ; ,00000000,00000000,11111100,01100110,01100110,01100110,01111100,01100000,0110000 ;                ;
; ROM            ; 0,01100000,01100000,11110000,00000000,00000000,00000000,00000000,00000000,000000 ;                ;
; ROM            ; 00,01111100,11000110,11000110,11000110,11000110,11000110,11000110,11010110,11011 ;                ;
; ROM            ; 110,01111100,00001100,00001110,00000000,00000000,00000000,00000000,11111100,0110 ;                ;
; ROM            ; 0110,01100110,01100110,01111100,01101100,01100110,01100110,01100110,11100110,000 ;                ;
; ROM            ; 00000,00000000,00000000,00000000,00000000,00000000,01111100,11000110,11000110,01 ;                ;
; ROM            ; 100000,00111000,00001100,00000110,11000110,11000110,01111100,00000000,00000000,0 ;                ;
; ROM            ; 0000000,00000000,00000000,00000000,11111111,11011011,10011001,00011000,00011000, ;                ;
; ROM            ; 00011000,00011000,00011000,00011000,00111100,00000000,00000000,00000000,00000000 ;                ;
; ROM            ; ,00000000,00000000,11000110,11000110,11000110,11000110,11000110,11000110,1100011 ;                ;
; ROM            ; 0,11000110,11000110,01111100,00000000,00000000,00000000,00000000,00000000,000000 ;                ;
; ROM            ; 00,11000011,11000011,11000011,11000011,11000011,11000011,11000011,01100110,00111 ;                ;
; ROM            ; 100,00011000,00000000,00000000,00000000,00000000,00000000,00000000,11000011,1100 ;                ;
; ROM            ; 0011,11000011,11000011,11000011,11011011,11011011,11111111,01100110,01100110,000 ;                ;
; ROM            ; 00000,00000000,00000000,00000000,00000000,00000000,11000011,11000011,01100110,00 ;                ;
; ROM            ; 111100,00011000,00011000,00111100,01100110,11000011,11000011,00000000,00000000,0 ;                ;
; ROM            ; 0000000,00000000,00000000,00000000,11000011,11000011,11000011,01100110,00111100, ;                ;
; ROM            ; 00011000,00011000,00011000,00011000,00111100,00000000,00000000,00000000,00000000 ;                ;
; ROM            ; ,00000000,00000000,11111111,11000011,10000110,00001100,00011000,00110000,0110000 ;                ;
; ROM            ; 0,11000001,11000011,11111111,00000000,00000000,00000000,00000000,00000000,000000 ;                ;
; ROM            ; 00,00111100,00110000,00110000,00110000,00110000,00110000,00110000,00110000,00110 ;                ;
; ROM            ; 000,00111100,00000000,00000000,00000000,00000000,00000000,00000000,00000000,1000 ;                ;
; ROM            ; 0000,11000000,11100000,01110000,00111000,00011100,00001110,00000110,00000010,000 ;                ;
; ROM            ; 00000,00000000,00000000,00000000,00000000,00000000,00111100,00001100,00001100,00 ;                ;
; ROM            ; 001100,00001100,00001100,00001100,00001100,00001100,00111100,00000000,00000000,0 ;                ;
; ROM            ; 0000000,00000000,00010000,00111000,01101100,11000110,00000000,00000000,00000000, ;                ;
; ROM            ; 00000000,00000000,00000000,00000000,00000000,00000000,00000000,00000000,00000000 ;                ;
; ROM            ; ,00000000,00000000,00000000,00000000,00000000,00000000,00000000,00000000,0000000 ;                ;
; ROM            ; 0,00000000,00000000,00000000,00000000,11111111,00000000,00000000,00110000,001100 ;                ;
; ROM            ; 00,00011000,00000000,00000000,00000000,00000000,00000000,00000000,00000000,00000 ;                ;
; ROM            ; 000,00000000,00000000,00000000,00000000,00000000,00000000,00000000,00000000,0000 ;                ;
; ROM            ; 0000,00000000,01111000,00001100,01111100,11001100,11001100,11001100,01110110,000 ;                ;
; ROM            ; 00000,00000000,00000000,00000000,00000000,00000000,11100000,01100000,01100000,01 ;                ;
; ROM            ; 111000,01101100,01100110,01100110,01100110,01100110,01111100,00000000,00000000,0 ;                ;
; ROM            ; 0000000,00000000,00000000,00000000,00000000,00000000,00000000,01111100,11000110, ;                ;
; ROM            ; 11000000,11000000,11000000,11000110,01111100,00000000,00000000,00000000,00000000 ;                ;
; ROM            ; ,00000000,00000000,00011100,00001100,00001100,00111100,01101100,11001100,1100110 ;                ;
; ROM            ; 0,11001100,11001100,01110110,00000000,00000000,00000000,00000000,00000000,000000 ;                ;
; ROM            ; 00,00000000,00000000,00000000,01111100,11000110,11111110,11000000,11000000,11000 ;                ;
; ROM            ; 110,01111100,00000000,00000000,00000000,00000000,00000000,00000000,00111000,0110 ;                ;
; ROM            ; 1100,01100100,01100000,11110000,01100000,01100000,01100000,01100000,11110000,000 ;                ;
; ROM            ; 00000,00000000,00000000,00000000,00000000,00000000,00000000,00000000,00000000,01 ;                ;
; ROM            ; 110110,11001100,11001100,11001100,11001100,11001100,01111100,00001100,11001100,0 ;                ;
; ROM            ; 1111000,00000000,00000000,00000000,11100000,01100000,01100000,01101100,01110110, ;                ;
; ROM            ; 01100110,01100110,01100110,01100110,11100110,00000000,00000000,00000000,00000000 ;                ;
; ROM            ; ,00000000,00000000,00011000,00011000,00000000,00111000,00011000,00011000,0001100 ;                ;
; ROM            ; 0,00011000,00011000,00111100,00000000,00000000,00000000,00000000,00000000,000000 ;                ;
; ROM            ; 00,00000110,00000110,00000000,00001110,00000110,00000110,00000110,00000110,00000 ;                ;
; ROM            ; 110,00000110,01100110,01100110,00111100,00000000,00000000,00000000,11100000,0110 ;                ;
; ROM            ; 0000,01100000,01100110,01101100,01111000,01111000,01101100,01100110,11100110,000 ;                ;
; ROM            ; 00000,00000000,00000000,00000000,00000000,00000000,00111000,00011000,00011000,00 ;                ;
; ROM            ; 011000,00011000,00011000,00011000,00011000,00011000,00111100,00000000,00000000,0 ;                ;
; ROM            ; 0000000,00000000,00000000,00000000,00000000,00000000,00000000,11100110,11111111, ;                ;
; ROM            ; 11011011,11011011,11011011,11011011,11011011,00000000,00000000,00000000,00000000 ;                ;
; ROM            ; ,00000000,00000000,00000000,00000000,00000000,11011100,01100110,01100110,0110011 ;                ;
; ROM            ; 0,01100110,01100110,01100110,00000000,00000000,00000000,00000000,00000000,000000 ;                ;
; ROM            ; 00,00000000,00000000,00000000,01111100,11000110,11000110,11000110,11000110,11000 ;                ;
; ROM            ; 110,01111100,00000000,00000000,00000000,00000000,00000000,00000000,00000000,0000 ;                ;
; ROM            ; 0000,00000000,11011100,01100110,01100110,01100110,01100110,01100110,01111100,011 ;                ;
; ROM            ; 00000,01100000,11110000,00000000,00000000,00000000,00000000,00000000,00000000,01 ;                ;
; ROM            ; 110110,11001100,11001100,11001100,11001100,11001100,01111100,00001100,00001100,0 ;                ;
; ROM            ; 0011110,00000000,00000000,00000000,00000000,00000000,00000000,11011100,01110110, ;                ;
; ROM            ; 01100110,01100000,01100000,01100000,11110000,00000000,00000000,00000000,00000000 ;                ;
; ROM            ; ,00000000,00000000,00000000,00000000,00000000,01111100,11000110,01100000,0011100 ;                ;
; ROM            ; 0,00001100,11000110,01111100,00000000,00000000,00000000,00000000,00000000,000000 ;                ;
; ROM            ; 00,00010000,00110000,00110000,11111100,00110000,00110000,00110000,00110000,00110 ;                ;
; ROM            ; 110,00011100,00000000,00000000,00000000,00000000,00000000,00000000,00000000,0000 ;                ;
; ROM            ; 0000,00000000,11001100,11001100,11001100,11001100,11001100,11001100,01110110,000 ;                ;
; ROM            ; 00000,00000000,00000000,00000000,00000000,00000000,00000000,00000000,00000000,11 ;                ;
; ROM            ; 000011,11000011,11000011,11000011,01100110,00111100,00011000,00000000,00000000,0 ;                ;
; ROM            ; 0000000,00000000,00000000,00000000,00000000,00000000,00000000,11000011,11000011, ;                ;
; ROM            ; 11000011,11011011,11011011,11111111,01100110,00000000,00000000,00000000,00000000 ;                ;
; ROM            ; ,00000000,00000000,00000000,00000000,00000000,11000011,01100110,00111100,0001100 ;                ;
; ROM            ; 0,00111100,01100110,11000011,00000000,00000000,00000000,00000000,00000000,000000 ;                ;
; ROM            ; 00,00000000,00000000,00000000,11000110,11000110,11000110,11000110,11000110,11000 ;                ;
; ROM            ; 110,01111110,00000110,00001100,11111000,00000000,00000000,00000000,00000000,0000 ;                ;
; ROM            ; 0000,00000000,11111110,11001100,00011000,00110000,01100000,11000110,11111110,000 ;                ;
; ROM            ; 00000,00000000,00000000,00000000,00000000,00000000,00001110,00011000,00011000,00 ;                ;
; ROM            ; 011000,01110000,00011000,00011000,00011000,00011000,00001110,00000000,00000000,0 ;                ;
; ROM            ; 0000000,00000000,00000000,00000000,00011000,00011000,00011000,00011000,00000000, ;                ;
; ROM            ; 00011000,00011000,00011000,00011000,00011000,00000000,00000000,00000000,00000000 ;                ;
; ROM            ; ,00000000,00000000,01110000,00011000,00011000,00011000,00001110,00011000,0001100 ;                ;
; ROM            ; 0,00011000,00011000,01110000,00000000,00000000,00000000,00000000,00000000,000000 ;                ;
; ROM            ; 00,01110110,11011100,00000000,00000000,00000000,00000000,00000000,00000000,00000 ;                ;
; ROM            ; 000,00000000,00000000,00000000,00000000,00000000,00000000,00000000,00000000,0000 ;                ;
; ROM            ; 0000,00010000,00111000,01101100,11000110,11000110,11000110,11111110,00000000,000 ;                ;
;                ; 00000,00000000,00000000,00000000)                                                ;                ;
+----------------+----------------------------------------------------------------------------------+----------------+
Note: In order to hide this table in the UI and the text report file, please set the "Show Parameter Settings in Synthesis Report" option in "Analysis and Synthesis Settings -> More Settings" to "Off".


+-----------------------------------------------------------------------------------------------------------------------------------------------------------------------+
; Port Connectivity Checks: "HexDriver:addrhexdisp3"                                                                                                                    ;
+------+-------+----------+---------------------------------------------------------------------------------------------------------------------------------------------+
; Port ; Type  ; Severity ; Details                                                                                                                                     ;
+------+-------+----------+---------------------------------------------------------------------------------------------------------------------------------------------+
; In0  ; Input ; Warning  ; Input port expression (3 bits) is smaller than the input port (4 bits) it drives.  Extra input bit(s) "In0[3..3]" will be connected to GND. ;
+------+-------+----------+---------------------------------------------------------------------------------------------------------------------------------------------+


+-----------------------------------------------------+
; Post-Synthesis Netlist Statistics for Top Partition ;
+-----------------------+-----------------------------+
; Type                  ; Count                       ;
+-----------------------+-----------------------------+
; boundary_port         ; 78                          ;
; cycloneiii_io_obuf    ; 8                           ;
; cycloneiii_lcell_comb ; 1101                        ;
;     normal            ; 1101                        ;
;         1 data inputs ; 5                           ;
;         2 data inputs ; 21                          ;
;         3 data inputs ; 96                          ;
;         4 data inputs ; 979                         ;
;                       ;                             ;
; Max LUT depth         ; 12.00                       ;
; Average LUT depth     ; 9.92                        ;
+-----------------------+-----------------------------+


+-------------------------------+
; Elapsed Time Per Partition    ;
+----------------+--------------+
; Partition Name ; Elapsed Time ;
+----------------+--------------+
; Top            ; 00:00:08     ;
+----------------+--------------+


+-------------------------------+
; Analysis & Synthesis Messages ;
+-------------------------------+
Info: *******************************************************************
Info: Running Quartus Prime Analysis & Synthesis
    Info: Version 22.1std.1 Build 917 02/14/2023 SC Lite Edition
    Info: Processing started: Fri May  5 10:16:14 2023
Info: Command: quartus_map --read_settings_files=on --write_settings_files=off ece385final -c ece385final
Info (125069): Default assignment values were changed in the current version of the Quartus Prime software -- changes to default assignments values are contained in file /opt/intelFPGA_lite/22.1std/quartus/linux64/assignment_defaults.qdf
Warning (18236): Number of processors has not been specified which may cause overloading on shared machines.  Set the global assignment NUM_PARALLEL_PROCESSORS in your QSF to an appropriate value for best performance.
Info (20030): Parallel compilation is enabled and will use 4 of the 4 processors detected
Info (12021): Found 1 design units, including 1 entities, in source file HexDriver.sv
    Info (12023): Found entity 1: HexDriver File: /home/user/Documents/ece385/ece385_finalproject/HexDriver.sv Line: 1
Info (12021): Found 1 design units, including 1 entities, in source file mem_contents.sv
    Info (12023): Found entity 1: memory_contents File: /home/user/Documents/ece385/ece385_finalproject/mem_contents.sv Line: 2
Info (12021): Found 1 design units, including 1 entities, in source file font_rom.sv
    Info (12023): Found entity 1: font_rom File: /home/user/Documents/ece385/ece385_finalproject/font_rom.sv Line: 1
Info (12021): Found 0 design units, including 0 entities, in source file eeprom_emulated.sv
Info (12021): Found 1 design units, including 1 entities, in source file AT28BV256_toplevel.sv
    Info (12023): Found entity 1: AT28BV256_toplevel File: /home/user/Documents/ece385/ece385_finalproject/AT28BV256_toplevel.sv Line: 62
Info (12021): Found 1 design units, including 1 entities, in source file DE10_LITE_Golden_Top.v
    Info (12023): Found entity 1: DE10_LITE_Golden_Top File: /home/user/Documents/ece385/ece385_finalproject/DE10_LITE_Golden_Top.v Line: 29
Info (12127): Elaborating entity "AT28BV256_toplevel" for the top level hierarchy
Info (12128): Elaborating entity "HexDriver" for hierarchy "HexDriver:addrhexdisp3" File: /home/user/Documents/ece385/ece385_finalproject/AT28BV256_toplevel.sv Line: 69
Info (12128): Elaborating entity "font_rom" for hierarchy "font_rom:rom1" File: /home/user/Documents/ece385/ece385_finalproject/AT28BV256_toplevel.sv Line: 76
Warning (12241): 1 hierarchies have connectivity warnings - see the Connectivity Checks report folder
Warning (13046): Tri-state node(s) do not directly drive top-level pin(s)
    Warning (13047): Converted the fan-out from the tri-state buffer "IO[0]" to the node "HexDriver:datahexdisp1|WideOr6" into an OR gate File: /home/user/Documents/ece385/ece385_finalproject/AT28BV256_toplevel.sv Line: 65
    Warning (13047): Converted the fan-out from the tri-state buffer "IO[1]" to the node "HexDriver:datahexdisp1|WideOr6" into an OR gate File: /home/user/Documents/ece385/ece385_finalproject/AT28BV256_toplevel.sv Line: 65
    Warning (13047): Converted the fan-out from the tri-state buffer "IO[2]" to the node "HexDriver:datahexdisp1|WideOr6" into an OR gate File: /home/user/Documents/ece385/ece385_finalproject/AT28BV256_toplevel.sv Line: 65
    Warning (13047): Converted the fan-out from the tri-state buffer "IO[3]" to the node "HexDriver:datahexdisp1|WideOr6" into an OR gate File: /home/user/Documents/ece385/ece385_finalproject/AT28BV256_toplevel.sv Line: 65
    Warning (13047): Converted the fan-out from the tri-state buffer "IO[4]" to the node "HexDriver:datahexdisp0|WideOr6" into an OR gate File: /home/user/Documents/ece385/ece385_finalproject/AT28BV256_toplevel.sv Line: 65
    Warning (13047): Converted the fan-out from the tri-state buffer "IO[5]" to the node "HexDriver:datahexdisp0|WideOr6" into an OR gate File: /home/user/Documents/ece385/ece385_finalproject/AT28BV256_toplevel.sv Line: 65
    Warning (13047): Converted the fan-out from the tri-state buffer "IO[6]" to the node "HexDriver:datahexdisp0|WideOr6" into an OR gate File: /home/user/Documents/ece385/ece385_finalproject/AT28BV256_toplevel.sv Line: 65
    Warning (13047): Converted the fan-out from the tri-state buffer "IO[7]" to the node "HexDriver:datahexdisp0|WideOr6" into an OR gate File: /home/user/Documents/ece385/ece385_finalproject/AT28BV256_toplevel.sv Line: 65
Info (286030): Timing-Driven Synthesis is running
Info (144001): Generated suppressed messages file /home/user/Documents/ece385/ece385_finalproject/output_files/ece385final.map.smsg
Info (16010): Generating hard_block partition "hard_block:auto_generated_inst"
    Info (16011): Adding 0 node(s), including 0 DDIO, 0 PLL, 0 transceiver and 0 LCELL
Warning (21074): Design contains 10 input pin(s) that do not drive logic
    Warning (15610): No output dependent on input pin "WE" File: /home/user/Documents/ece385/ece385_finalproject/AT28BV256_toplevel.sv Line: 63
    Warning (15610): No output dependent on input pin "SW[1]" File: /home/user/Documents/ece385/ece385_finalproject/AT28BV256_toplevel.sv Line: 64
    Warning (15610): No output dependent on input pin "SW[2]" File: /home/user/Documents/ece385/ece385_finalproject/AT28BV256_toplevel.sv Line: 64
    Warning (15610): No output dependent on input pin "SW[3]" File: /home/user/Documents/ece385/ece385_finalproject/AT28BV256_toplevel.sv Line: 64
    Warning (15610): No output dependent on input pin "SW[4]" File: /home/user/Documents/ece385/ece385_finalproject/AT28BV256_toplevel.sv Line: 64
    Warning (15610): No output dependent on input pin "SW[5]" File: /home/user/Documents/ece385/ece385_finalproject/AT28BV256_toplevel.sv Line: 64
    Warning (15610): No output dependent on input pin "SW[6]" File: /home/user/Documents/ece385/ece385_finalproject/AT28BV256_toplevel.sv Line: 64
    Warning (15610): No output dependent on input pin "SW[7]" File: /home/user/Documents/ece385/ece385_finalproject/AT28BV256_toplevel.sv Line: 64
    Warning (15610): No output dependent on input pin "SW[8]" File: /home/user/Documents/ece385/ece385_finalproject/AT28BV256_toplevel.sv Line: 64
    Warning (15610): No output dependent on input pin "SW[9]" File: /home/user/Documents/ece385/ece385_finalproject/AT28BV256_toplevel.sv Line: 64
Info (21057): Implemented 1174 device resources after synthesis - the final resource count might be different
    Info (21058): Implemented 28 input pins
    Info (21059): Implemented 50 output pins
    Info (21061): Implemented 1096 logic cells
Info: Quartus Prime Analysis & Synthesis was successful. 0 errors, 22 warnings
    Info: Peak virtual memory: 622 megabytes
    Info: Processing ended: Fri May  5 10:16:29 2023
    Info: Elapsed time: 00:00:15
    Info: Total CPU time (on all processors): 00:00:26


+------------------------------------------+
; Analysis & Synthesis Suppressed Messages ;
+------------------------------------------+
The suppressed messages can be found in /home/user/Documents/ece385/ece385_finalproject/output_files/ece385final.map.smsg.


