Flow report for ece385final
Fri May  5 10:16:48 2023
Quartus Prime Version 22.1std.1 Build 917 02/14/2023 SC Lite Edition


---------------------
; Table of Contents ;
---------------------
  1. Legal Notice
  2. Flow Summary
  3. Flow Settings
  4. Flow Non-Default Global Settings
  5. Flow Elapsed Time
  6. Flow OS Summary
  7. Flow Log
  8. Flow Messages
  9. Flow Suppressed Messages



----------------
; Legal Notice ;
----------------
Copyright (C) 2023  Intel Corporation. All rights reserved.
Your use of Intel Corporation's design tools, logic functions 
and other software and tools, and any partner logic 
functions, and any output files from any of the foregoing 
(including device programming or simulation files), and any 
associated documentation or information are expressly subject 
to the terms and conditions of the Intel Program License 
Subscription Agreement, the Intel Quartus Prime License Agreement,
the Intel FPGA IP License Agreement, or other applicable license
agreement, including, without limitation, that your use is for
the sole purpose of programming logic devices manufactured by
Intel and sold by Intel or its authorized distributors.  Please
refer to the applicable agreement for further details, at
https://fpgasoftware.intel.com/eula.



+-------------------------------------------------------------------------------------+
; Flow Summary                                                                        ;
+------------------------------------+------------------------------------------------+
; Flow Status                        ; Successful - Fri May  5 10:16:48 2023          ;
; Quartus Prime Version              ; 22.1std.1 Build 917 02/14/2023 SC Lite Edition ;
; Revision Name                      ; ece385final                                    ;
; Top-level Entity Name              ; AT28BV256_toplevel                             ;
; Family                             ; MAX 10                                         ;
; Device                             ; 10M50DAF484C6GES                               ;
; Timing Models                      ; Preliminary                                    ;
; Total logic elements               ; 1,097 / 49,760 ( 2 % )                         ;
;     Total combinational functions  ; 1,097 / 49,760 ( 2 % )                         ;
;     Dedicated logic registers      ; 0 / 49,760 ( 0 % )                             ;
; Total registers                    ; 0                                              ;
; Total pins                         ; 78 / 360 ( 22 % )                              ;
; Total virtual pins                 ; 0                                              ;
; Total memory bits                  ; 0 / 1,677,312 ( 0 % )                          ;
; Embedded Multiplier 9-bit elements ; 0 / 288 ( 0 % )                                ;
; Total PLLs                         ; 0 / 4 ( 0 % )                                  ;
; UFM blocks                         ; 0 / 1 ( 0 % )                                  ;
; ADC blocks                         ; 0 / 2 ( 0 % )                                  ;
+------------------------------------+------------------------------------------------+


+-----------------------------------------+
; Flow Settings                           ;
+-------------------+---------------------+
; Option            ; Setting             ;
+-------------------+---------------------+
; Start date & time ; 05/05/2023 10:16:15 ;
; Main task         ; Compilation         ;
; Revision Name     ; ece385final         ;
+-------------------+---------------------+


+-------------------------------------------------------------------------------------------------------------------------------------------------------+
; Flow Non-Default Global Settings                                                                                                                      ;
+-------------------------------------+----------------------------------------+---------------+--------------------+-----------------------------------+
; Assignment Name                     ; Value                                  ; Default Value ; Entity Name        ; Section Id                        ;
+-------------------------------------+----------------------------------------+---------------+--------------------+-----------------------------------+
; COMPILER_SIGNATURE_ID               ; 181161452133094.168329977563376        ; --            ; --                 ; --                                ;
; EDA_GENERATE_FUNCTIONAL_NETLIST     ; Off                                    ; --            ; --                 ; eda_board_design_timing           ;
; EDA_GENERATE_FUNCTIONAL_NETLIST     ; Off                                    ; --            ; --                 ; eda_board_design_boundary_scan    ;
; EDA_GENERATE_FUNCTIONAL_NETLIST     ; Off                                    ; --            ; --                 ; eda_board_design_signal_integrity ;
; EDA_GENERATE_FUNCTIONAL_NETLIST     ; Off                                    ; --            ; --                 ; eda_board_design_symbol           ;
; EDA_OUTPUT_DATA_FORMAT              ; Systemverilog Hdl                      ; --            ; --                 ; eda_simulation                    ;
; EDA_SIMULATION_TOOL                 ; Questa Intel FPGA (SystemVerilog)      ; <None>        ; --                 ; --                                ;
; EDA_TIME_SCALE                      ; 1 ps                                   ; --            ; --                 ; eda_simulation                    ;
; MAX_CORE_JUNCTION_TEMP              ; 85                                     ; --            ; --                 ; --                                ;
; MIN_CORE_JUNCTION_TEMP              ; 0                                      ; --            ; --                 ; --                                ;
; PARTITION_COLOR                     ; -- (Not supported for targeted family) ; --            ; AT28BV256_toplevel ; Top                               ;
; PARTITION_FITTER_PRESERVATION_LEVEL ; -- (Not supported for targeted family) ; --            ; AT28BV256_toplevel ; Top                               ;
; PARTITION_NETLIST_TYPE              ; -- (Not supported for targeted family) ; --            ; AT28BV256_toplevel ; Top                               ;
; POWER_BOARD_THERMAL_MODEL           ; None (CONSERVATIVE)                    ; --            ; --                 ; --                                ;
; POWER_PRESET_COOLING_SOLUTION       ; 23 MM HEAT SINK WITH 200 LFPM AIRFLOW  ; --            ; --                 ; --                                ;
; PROJECT_OUTPUT_DIRECTORY            ; output_files                           ; --            ; --                 ; --                                ;
; TOP_LEVEL_ENTITY                    ; AT28BV256_toplevel                     ; ece385final   ; --                 ; --                                ;
+-------------------------------------+----------------------------------------+---------------+--------------------+-----------------------------------+


+--------------------------------------------------------------------------------------------------------------------------+
; Flow Elapsed Time                                                                                                        ;
+----------------------+--------------+-------------------------+---------------------+------------------------------------+
; Module Name          ; Elapsed Time ; Average Processors Used ; Peak Virtual Memory ; Total CPU Time (on all processors) ;
+----------------------+--------------+-------------------------+---------------------+------------------------------------+
; Analysis & Synthesis ; 00:00:15     ; 1.0                     ; 622 MB              ; 00:00:26                           ;
; Fitter               ; 00:00:08     ; 1.2                     ; 1317 MB             ; 00:00:12                           ;
; Assembler            ; 00:00:02     ; 1.0                     ; 593 MB              ; 00:00:02                           ;
; Timing Analyzer      ; 00:00:02     ; 1.4                     ; 760 MB              ; 00:00:03                           ;
; EDA Netlist Writer   ; 00:00:01     ; 1.0                     ; 821 MB              ; 00:00:01                           ;
; Total                ; 00:00:28     ; --                      ; --                  ; 00:00:44                           ;
+----------------------+--------------+-------------------------+---------------------+------------------------------------+


+--------------------------------------------------------------------------------------+
; Flow OS Summary                                                                      ;
+----------------------+------------------+-------------+-------------+----------------+
; Module Name          ; Machine Hostname ; OS Name     ; OS Version  ; Processor type ;
+----------------------+------------------+-------------+-------------+----------------+
; Analysis & Synthesis ; thinkpad-t480s   ; Fedora Core ; Fedora Core ; x86_64         ;
; Fitter               ; thinkpad-t480s   ; Fedora Core ; Fedora Core ; x86_64         ;
; Assembler            ; thinkpad-t480s   ; Fedora Core ; Fedora Core ; x86_64         ;
; Timing Analyzer      ; thinkpad-t480s   ; Fedora Core ; Fedora Core ; x86_64         ;
; EDA Netlist Writer   ; thinkpad-t480s   ; Fedora Core ; Fedora Core ; x86_64         ;
+----------------------+------------------+-------------+-------------+----------------+


------------
; Flow Log ;
------------
quartus_map --read_settings_files=on --write_settings_files=off ece385final -c ece385final
quartus_fit --read_settings_files=off --write_settings_files=off ece385final -c ece385final
quartus_asm --read_settings_files=off --write_settings_files=off ece385final -c ece385final
quartus_sta ece385final -c ece385final
quartus_eda --read_settings_files=off --write_settings_files=off ece385final -c ece385final



